<?xml version="1.0" encoding="UTF-8"?>
<!-- Generated by org.testng.reporters.JUnitXMLReporter -->
<testsuite ignored="4" hostname="DESKTOP-18PU4RN" failures="0" tests="1" name="Default test" time="48.985" errors="0" timestamp="2020-08-12T11:30:57 IST">
  <testcase classname="DAIMLER.Validation.TestNG.FlowTestng" name="test" time="42.443"/>
  <testcase classname="DAIMLER.Validation.TestNG.FlowTestng" name="testCase_02" time="0.0">
    <ignored/>
  </testcase> <!-- testCase_02 -->
  <testcase classname="DAIMLER.Validation.TestNG.FlowTestng" name="testCase_00" time="0.0">
    <ignored/>
  </testcase> <!-- testCase_00 -->
  <testcase classname="DAIMLER.Validation.TestNG.FlowTestng" name="testCase_01" time="0.0">
    <ignored/>
  </testcase> <!-- testCase_01 -->
  <testcase classname="DAIMLER.Validation.TestNG.FlowTestng" name="testCase_03" time="0.0">
    <ignored/>
  </testcase> <!-- testCase_03 -->
</testsuite> <!-- Default test -->
