<?xml version="1.0" encoding="UTF-8"?>
<!-- Generated by org.testng.reporters.JUnitXMLReporter -->
<testsuite hostname="Manikandan" ignored="1" name="Regression" tests="2" failures="0" timestamp="2019-06-11T12:22:47 IST" time="19.418" errors="0">
  <testcase name="testCase_00" time="4.641" classname="DAIMLER.Validation.TestNG.FlowTestng"/>
  <testcase name="testCase_02" time="7.415" classname="DAIMLER.Validation.TestNG.FlowTestng"/>
  <testcase name="testCase_01" time="0.0" classname="DAIMLER.Validation.TestNG.FlowTestng">
    <ignored/>
  </testcase> <!-- testCase_01 -->
</testsuite> <!-- Regression -->
