<?xml version="1.0" encoding="UTF-8"?>
<testng-results ignored="4" total="5" passed="1" failed="0" skipped="0">
  <reporter-output>
  </reporter-output>
  <suite started-at="2020-08-18T14:45:13 IST" name="Default suite" finished-at="2020-08-18T14:46:53 IST" duration-ms="99893">
    <groups>
    </groups>
    <test started-at="2020-08-18T14:45:13 IST" name="Default test" finished-at="2020-08-18T14:46:53 IST" duration-ms="99893">
      <class name="DAIMLER.Validation.TestNG.FlowTestng">
        <test-method is-config="true" signature="beforeSuit()[pri:0, instance:DAIMLER.Validation.TestNG.FlowTestng@6f10d5b6]" started-at="2020-08-18T14:45:13 IST" name="beforeSuit" finished-at="2020-08-18T14:45:13 IST" duration-ms="182" status="PASS">
          <reporter-output>
          </reporter-output>
        </test-method> <!-- beforeSuit -->
        <test-method is-config="true" signature="setUp()[pri:0, instance:DAIMLER.Validation.TestNG.FlowTestng@6f10d5b6]" started-at="2020-08-18T14:45:13 IST" name="setUp" finished-at="2020-08-18T14:45:19 IST" duration-ms="5787" status="PASS">
          <reporter-output>
          </reporter-output>
        </test-method> <!-- setUp -->
        <test-method is-config="true" signature="setup(java.lang.reflect.Method)[pri:0, instance:DAIMLER.Validation.TestNG.FlowTestng@6f10d5b6]" started-at="2020-08-18T14:45:19 IST" name="setup" finished-at="2020-08-18T14:45:19 IST" duration-ms="15" status="PASS">
          <params>
            <param index="0">
              <value>
                <![CDATA[public void DAIMLER.Validation.TestNG.FlowTestng.test() throws java.io.FileNotFoundException,java.io.IOException,java.lang.InterruptedException]]>
              </value>
            </param>
          </params>
          <reporter-output>
          </reporter-output>
        </test-method> <!-- setup -->
        <test-method signature="test()[pri:0, instance:DAIMLER.Validation.TestNG.FlowTestng@6f10d5b6]" started-at="2020-08-18T14:45:19 IST" name="test" finished-at="2020-08-18T14:46:52 IST" duration-ms="93669" status="PASS">
          <reporter-output>
          </reporter-output>
        </test-method> <!-- test -->
        <test-method is-config="true" signature="tearDown(org.testng.ITestResult, java.lang.reflect.Method)[pri:0, instance:DAIMLER.Validation.TestNG.FlowTestng@6f10d5b6]" started-at="2020-08-18T14:46:52 IST" name="tearDown" finished-at="2020-08-18T14:46:52 IST" duration-ms="1" status="PASS">
          <params>
            <param index="0">
              <value>
                <![CDATA[[TestResult name=test status=SUCCESS method=FlowTestng.test()[pri:0, instance:DAIMLER.Validation.TestNG.FlowTestng@6f10d5b6] output={null}]]]>
              </value>
            </param>
            <param index="1">
              <value>
                <![CDATA[public void DAIMLER.Validation.TestNG.FlowTestng.test() throws java.io.FileNotFoundException,java.io.IOException,java.lang.InterruptedException]]>
              </value>
            </param>
          </params>
          <reporter-output>
          </reporter-output>
        </test-method> <!-- tearDown -->
        <test-method is-config="true" signature="tearDown()[pri:0, instance:DAIMLER.Validation.TestNG.FlowTestng@6f10d5b6]" started-at="2020-08-18T14:46:52 IST" name="tearDown" finished-at="2020-08-18T14:46:53 IST" duration-ms="378" status="PASS">
          <reporter-output>
          </reporter-output>
        </test-method> <!-- tearDown -->
        <test-method is-config="true" signature="afterSuite()[pri:0, instance:DAIMLER.Validation.TestNG.FlowTestng@6f10d5b6]" started-at="2020-08-18T14:46:53 IST" name="afterSuite" finished-at="2020-08-18T14:46:54 IST" duration-ms="754" status="PASS">
          <reporter-output>
          </reporter-output>
        </test-method> <!-- afterSuite -->
      </class> <!-- DAIMLER.Validation.TestNG.FlowTestng -->
    </test> <!-- Default test -->
  </suite> <!-- Default suite -->
</testng-results>
